0 info it worked if it ends with ok
1 verbose cli [ '/usr/local/Cellar/node/5.10.1/bin/node',
1 verbose cli   '/usr/local/bin/npm',
1 verbose cli   'run',
1 verbose cli   'build-css' ]
2 info using npm@3.8.3
3 info using node@v5.10.1
4 verbose run-script [ 'prebuild-css', 'build-css', 'postbuild-css' ]
5 info lifecycle tripplanner@1.0.0~prebuild-css: tripplanner@1.0.0
6 silly lifecycle tripplanner@1.0.0~prebuild-css: no script for prebuild-css, continuing
7 info lifecycle tripplanner@1.0.0~build-css: tripplanner@1.0.0
8 verbose lifecycle tripplanner@1.0.0~build-css: unsafe-perm in lifecycle true
9 verbose lifecycle tripplanner@1.0.0~build-css: PATH: /usr/local/lib/node_modules/npm/bin/node-gyp-bin:/Users/michaelzhan/tripPlanner/tripPlanner/node_modules/.bin:/usr/local/Cellar/node/5.10.1/bin:/usr/local/lib/node_modules/npm/bin/node-gyp-bin:/Users/michaelzhan/tripPlanner/tripPlanner/node_modules/.bin:/usr/local/Cellar/node/5.10.1/bin:/usr/local/bin:/usr/bin:/bin:/usr/sbin:/sbin
10 verbose lifecycle tripplanner@1.0.0~build-css: CWD: /Users/michaelzhan/tripPlanner/tripPlanner
11 silly lifecycle tripplanner@1.0.0~build-css: Args: [ '-c',
11 silly lifecycle   'node-sass -w -r assets/stylesheets -o public/stylesheets' ]
12 info lifecycle tripplanner@1.0.0~build-css: Failed to exec build-css script
13 verbose stack Error: tripplanner@1.0.0 build-css: `node-sass -w -r assets/stylesheets -o public/stylesheets`
13 verbose stack spawn ENOENT
13 verbose stack     at ChildProcess.<anonymous> (/usr/local/lib/node_modules/npm/lib/utils/spawn.js:17:16)
13 verbose stack     at emitTwo (events.js:100:13)
13 verbose stack     at ChildProcess.emit (events.js:185:7)
13 verbose stack     at maybeClose (internal/child_process.js:850:16)
13 verbose stack     at Process.ChildProcess._handle.onexit (internal/child_process.js:215:5)
14 verbose pkgid tripplanner@1.0.0
15 verbose cwd /Users/michaelzhan/tripPlanner/tripPlanner
16 error Darwin 14.1.0
17 error argv "/usr/local/Cellar/node/5.10.1/bin/node" "/usr/local/bin/npm" "run" "build-css"
18 error node v5.10.1
19 error npm  v3.8.3
20 error file sh
21 error code ELIFECYCLE
22 error errno ENOENT
23 error syscall spawn
24 error tripplanner@1.0.0 build-css: `node-sass -w -r assets/stylesheets -o public/stylesheets`
24 error spawn ENOENT
25 error Failed at the tripplanner@1.0.0 build-css script 'node-sass -w -r assets/stylesheets -o public/stylesheets'.
25 error Make sure you have the latest version of node.js and npm installed.
25 error If you do, this is most likely a problem with the tripplanner package,
25 error not with npm itself.
25 error Tell the author that this fails on your system:
25 error     node-sass -w -r assets/stylesheets -o public/stylesheets
25 error You can get information on how to open an issue for this project with:
25 error     npm bugs tripplanner
25 error Or if that isn't available, you can get their info via:
25 error     npm owner ls tripplanner
25 error There is likely additional logging output above.
26 verbose exit [ 1, true ]
